\BOOKMARK [0][-]{chapter.1}{\376\377\0001\000\040\000l\000a\000b\000-\0002}{}% 1
\BOOKMARK [0][-]{chapter.2}{\376\377\0002\000\040\000l\000a\000b\000-\0004}{}% 2
\BOOKMARK [0][-]{chapter.3}{\376\377\0003\000\040\004\030\004\065\004\100\004\060\004\100\004\105\004\070\004\107\004\065\004\101\004\072\004\070\004\071\000\040\004\101\004\077\004\070\004\101\004\076\004\072\000\040\004\072\004\073\004\060\004\101\004\101\004\076\004\062}{}% 3
\BOOKMARK [1][-]{section.3.1}{\376\377\0003\000.\0001\000\040\004\030\004\065\004\100\004\060\004\100\004\105\004\070\004\117\000\040\004\072\004\073\004\060\004\101\004\101\004\076\004\062}{chapter.3}% 4
\BOOKMARK [0][-]{chapter.4}{\376\377\0004\000\040\004\020\004\073\004\104\004\060\004\062\004\070\004\102\004\075\004\113\004\071\000\040\004\103\004\072\004\060\004\067\004\060\004\102\004\065\004\073\004\114\000\040\004\072\004\073\004\060\004\101\004\101\004\076\004\062}{}% 5
\BOOKMARK [1][-]{section.4.1}{\376\377\0004\000.\0001\000\040\004\032\004\073\004\060\004\101\004\101\004\113}{chapter.4}% 6
\BOOKMARK [0][-]{chapter.5}{\376\377\0005\000\040\004\041\004\077\004\070\004\101\004\076\004\072\000\040\004\104\004\060\004\071\004\073\004\076\004\062}{}% 7
\BOOKMARK [1][-]{section.5.1}{\376\377\0005\000.\0001\000\040\004\044\004\060\004\071\004\073\004\113}{chapter.5}% 8
\BOOKMARK [0][-]{chapter.6}{\376\377\0006\000\040\004\032\004\073\004\060\004\101\004\101\004\113}{}% 9
\BOOKMARK [1][-]{section.6.1}{\376\377\0006\000.\0001\000\040\004\032\004\073\004\060\004\101\004\101\000\040\000m\000o\000d\000A\000l\000p\000h\000a\000C\000i\000p\000h\000e\000r}{chapter.6}% 10
\BOOKMARK [2][-]{subsection.6.1.1}{\376\377\0006\000.\0001\000.\0001\000\040\004\037\004\076\004\064\004\100\004\076\004\061\004\075\004\076\004\065\000\040\004\076\004\077\004\070\004\101\004\060\004\075\004\070\004\065}{section.6.1}% 11
\BOOKMARK [2][-]{subsection.6.1.2}{\376\377\0006\000.\0001\000.\0002\000\040\004\032\004\076\004\075\004\101\004\102\004\100\004\103\004\072\004\102\004\076\004\100\000\050\004\113\000\051}{section.6.1}% 12
\BOOKMARK [3][-]{subsubsection.6.1.2.1}{\376\377\0006\000.\0001\000.\0002\000.\0001\000\040\000m\000o\000d\000A\000l\000p\000h\000a\000C\000i\000p\000h\000e\000r\000\050\000\051\000\040\000[\0001\000/\0002\000]}{subsection.6.1.2}% 13
\BOOKMARK [3][-]{subsubsection.6.1.2.2}{\376\377\0006\000.\0001\000.\0002\000.\0002\000\040\000m\000o\000d\000A\000l\000p\000h\000a\000C\000i\000p\000h\000e\000r\000\050\000\051\000\040\000[\0002\000/\0002\000]}{subsection.6.1.2}% 14
\BOOKMARK [2][-]{subsection.6.1.3}{\376\377\0006\000.\0001\000.\0003\000\040\004\034\004\065\004\102\004\076\004\064\004\113}{section.6.1}% 15
\BOOKMARK [3][-]{subsubsection.6.1.3.1}{\376\377\0006\000.\0001\000.\0003\000.\0001\000\040\000c\000o\000n\000v\000e\000r\000t\000\050\000\051\000\040\000[\0001\000/\0002\000]}{subsection.6.1.3}% 16
\BOOKMARK [3][-]{subsubsection.6.1.3.2}{\376\377\0006\000.\0001\000.\0003\000.\0002\000\040\000c\000o\000n\000v\000e\000r\000t\000\050\000\051\000\040\000[\0002\000/\0002\000]}{subsection.6.1.3}% 17
\BOOKMARK [3][-]{subsubsection.6.1.3.3}{\376\377\0006\000.\0001\000.\0003\000.\0003\000\040\000d\000e\000c\000r\000y\000p\000t\000\050\000\051}{subsection.6.1.3}% 18
\BOOKMARK [3][-]{subsubsection.6.1.3.4}{\376\377\0006\000.\0001\000.\0003\000.\0004\000\040\000e\000n\000c\000r\000y\000p\000t\000\050\000\051}{subsection.6.1.3}% 19
\BOOKMARK [3][-]{subsubsection.6.1.3.5}{\376\377\0006\000.\0001\000.\0003\000.\0005\000\040\000g\000e\000t\000V\000a\000l\000i\000d\000C\000i\000p\000h\000e\000r\000T\000e\000x\000t\000\050\000\051}{subsection.6.1.3}% 20
\BOOKMARK [3][-]{subsubsection.6.1.3.6}{\376\377\0006\000.\0001\000.\0003\000.\0006\000\040\000g\000e\000t\000V\000a\000l\000i\000d\000K\000e\000y\000\050\000\051}{subsection.6.1.3}% 21
\BOOKMARK [3][-]{subsubsection.6.1.3.7}{\376\377\0006\000.\0001\000.\0003\000.\0007\000\040\000g\000e\000t\000V\000a\000l\000i\000d\000O\000p\000e\000n\000T\000e\000x\000t\000\050\000\051}{subsection.6.1.3}% 22
\BOOKMARK [2][-]{subsection.6.1.4}{\376\377\0006\000.\0001\000.\0004\000\040\004\024\004\060\004\075\004\075\004\113\004\065\000\040\004\072\004\073\004\060\004\101\004\101\004\060}{section.6.1}% 23
\BOOKMARK [3][-]{subsubsection.6.1.4.1}{\376\377\0006\000.\0001\000.\0004\000.\0001\000\040\000a\000l\000p\000h\000a\000N\000u\000m}{subsection.6.1.4}% 24
\BOOKMARK [3][-]{subsubsection.6.1.4.2}{\376\377\0006\000.\0001\000.\0004\000.\0002\000\040\000k\000e\000y}{subsection.6.1.4}% 25
\BOOKMARK [3][-]{subsubsection.6.1.4.3}{\376\377\0006\000.\0001\000.\0004\000.\0003\000\040\000n\000u\000m\000A\000l\000p\000h\000a}{subsection.6.1.4}% 26
\BOOKMARK [1][-]{section.6.2}{\376\377\0006\000.\0002\000\040\004\032\004\073\004\060\004\101\004\101\000\040\000r\000o\000u\000t\000e\000\137\000c\000i\000p\000h\000e\000r\000\137\000e\000r\000r\000o\000r}{chapter.6}% 27
\BOOKMARK [2][-]{subsection.6.2.1}{\376\377\0006\000.\0002\000.\0001\000\040\004\037\004\076\004\064\004\100\004\076\004\061\004\075\004\076\004\065\000\040\004\076\004\077\004\070\004\101\004\060\004\075\004\070\004\065}{section.6.2}% 28
\BOOKMARK [2][-]{subsection.6.2.2}{\376\377\0006\000.\0002\000.\0002\000\040\004\032\004\076\004\075\004\101\004\102\004\100\004\103\004\072\004\102\004\076\004\100\000\050\004\113\000\051}{section.6.2}% 29
\BOOKMARK [3][-]{subsubsection.6.2.2.1}{\376\377\0006\000.\0002\000.\0002\000.\0001\000\040\000r\000o\000u\000t\000e\000\137\000c\000i\000p\000h\000e\000r\000\137\000e\000r\000r\000o\000r\000\050\000\051\000\040\000[\0001\000/\0002\000]}{subsection.6.2.2}% 30
\BOOKMARK [3][-]{subsubsection.6.2.2.2}{\376\377\0006\000.\0002\000.\0002\000.\0002\000\040\000r\000o\000u\000t\000e\000\137\000c\000i\000p\000h\000e\000r\000\137\000e\000r\000r\000o\000r\000\050\000\051\000\040\000[\0002\000/\0002\000]}{subsection.6.2.2}% 31
\BOOKMARK [1][-]{section.6.3}{\376\377\0006\000.\0003\000\040\004\032\004\073\004\060\004\101\004\101\000\040\000r\000o\000u\000t\000e\000C\000i\000p\000h\000e\000r}{chapter.6}% 32
\BOOKMARK [2][-]{subsection.6.3.1}{\376\377\0006\000.\0003\000.\0001\000\040\004\037\004\076\004\064\004\100\004\076\004\061\004\075\004\076\004\065\000\040\004\076\004\077\004\070\004\101\004\060\004\075\004\070\004\065}{section.6.3}% 33
\BOOKMARK [2][-]{subsection.6.3.2}{\376\377\0006\000.\0003\000.\0002\000\040\004\032\004\076\004\075\004\101\004\102\004\100\004\103\004\072\004\102\004\076\004\100\000\050\004\113\000\051}{section.6.3}% 34
\BOOKMARK [3][-]{subsubsection.6.3.2.1}{\376\377\0006\000.\0003\000.\0002\000.\0001\000\040\000r\000o\000u\000t\000e\000C\000i\000p\000h\000e\000r\000\050\000\051\000\040\000[\0001\000/\0004\000]}{subsection.6.3.2}% 35
\BOOKMARK [3][-]{subsubsection.6.3.2.2}{\376\377\0006\000.\0003\000.\0002\000.\0002\000\040\000r\000o\000u\000t\000e\000C\000i\000p\000h\000e\000r\000\050\000\051\000\040\000[\0002\000/\0004\000]}{subsection.6.3.2}% 36
\BOOKMARK [3][-]{subsubsection.6.3.2.3}{\376\377\0006\000.\0003\000.\0002\000.\0003\000\040\000r\000o\000u\000t\000e\000C\000i\000p\000h\000e\000r\000\050\000\051\000\040\000[\0003\000/\0004\000]}{subsection.6.3.2}% 37
\BOOKMARK [3][-]{subsubsection.6.3.2.4}{\376\377\0006\000.\0003\000.\0002\000.\0004\000\040\000r\000o\000u\000t\000e\000C\000i\000p\000h\000e\000r\000\050\000\051\000\040\000[\0004\000/\0004\000]}{subsection.6.3.2}% 38
\BOOKMARK [2][-]{subsection.6.3.3}{\376\377\0006\000.\0003\000.\0003\000\040\004\034\004\065\004\102\004\076\004\064\004\113}{section.6.3}% 39
\BOOKMARK [3][-]{subsubsection.6.3.3.1}{\376\377\0006\000.\0003\000.\0003\000.\0001\000\040\000c\000r\000e\000a\000t\000e\000T\000a\000b\000l\000e\000\050\000\051\000\040\000[\0001\000/\0002\000]}{subsection.6.3.3}% 40
\BOOKMARK [3][-]{subsubsection.6.3.3.2}{\376\377\0006\000.\0003\000.\0003\000.\0002\000\040\000c\000r\000e\000a\000t\000e\000T\000a\000b\000l\000e\000\050\000\051\000\040\000[\0002\000/\0002\000]}{subsection.6.3.3}% 41
\BOOKMARK [3][-]{subsubsection.6.3.3.3}{\376\377\0006\000.\0003\000.\0003\000.\0003\000\040\000d\000e\000c\000r\000y\000p\000t\000\050\000\051\000\040\000[\0001\000/\0002\000]}{subsection.6.3.3}% 42
\BOOKMARK [3][-]{subsubsection.6.3.3.4}{\376\377\0006\000.\0003\000.\0003\000.\0004\000\040\000d\000e\000c\000r\000y\000p\000t\000\050\000\051\000\040\000[\0002\000/\0002\000]}{subsection.6.3.3}% 43
\BOOKMARK [3][-]{subsubsection.6.3.3.5}{\376\377\0006\000.\0003\000.\0003\000.\0005\000\040\000e\000n\000c\000r\000y\000p\000t\000\050\000\051\000\040\000[\0001\000/\0002\000]}{subsection.6.3.3}% 44
\BOOKMARK [3][-]{subsubsection.6.3.3.6}{\376\377\0006\000.\0003\000.\0003\000.\0006\000\040\000e\000n\000c\000r\000y\000p\000t\000\050\000\051\000\040\000[\0002\000/\0002\000]}{subsection.6.3.3}% 45
\BOOKMARK [3][-]{subsubsection.6.3.3.7}{\376\377\0006\000.\0003\000.\0003\000.\0007\000\040\000g\000e\000t\000V\000a\000l\000i\000d\000C\000i\000p\000h\000e\000r\000T\000e\000x\000t\000\050\000\051\000\040\000[\0001\000/\0002\000]}{subsection.6.3.3}% 46
\BOOKMARK [3][-]{subsubsection.6.3.3.8}{\376\377\0006\000.\0003\000.\0003\000.\0008\000\040\000g\000e\000t\000V\000a\000l\000i\000d\000C\000i\000p\000h\000e\000r\000T\000e\000x\000t\000\050\000\051\000\040\000[\0002\000/\0002\000]}{subsection.6.3.3}% 47
\BOOKMARK [3][-]{subsubsection.6.3.3.9}{\376\377\0006\000.\0003\000.\0003\000.\0009\000\040\000g\000e\000t\000V\000a\000l\000i\000d\000O\000p\000e\000n\000T\000e\000x\000t\000\050\000\051\000\040\000[\0001\000/\0002\000]}{subsection.6.3.3}% 48
\BOOKMARK [3][-]{subsubsection.6.3.3.10}{\376\377\0006\000.\0003\000.\0003\000.\0001\0000\000\040\000g\000e\000t\000V\000a\000l\000i\000d\000O\000p\000e\000n\000T\000e\000x\000t\000\050\000\051\000\040\000[\0002\000/\0002\000]}{subsection.6.3.3}% 49
\BOOKMARK [3][-]{subsubsection.6.3.3.11}{\376\377\0006\000.\0003\000.\0003\000.\0001\0001\000\040\000p\000r\000e\000p\000a\000r\000e\000T\000e\000x\000t\000\050\000\051\000\040\000[\0001\000/\0002\000]}{subsection.6.3.3}% 50
\BOOKMARK [3][-]{subsubsection.6.3.3.12}{\376\377\0006\000.\0003\000.\0003\000.\0001\0002\000\040\000p\000r\000e\000p\000a\000r\000e\000T\000e\000x\000t\000\050\000\051\000\040\000[\0002\000/\0002\000]}{subsection.6.3.3}% 51
\BOOKMARK [3][-]{subsubsection.6.3.3.13}{\376\377\0006\000.\0003\000.\0003\000.\0001\0003\000\040\000r\000e\000a\000d\000D\000e\000c\000r\000y\000p\000t\000e\000d\000\050\000\051\000\040\000[\0001\000/\0002\000]}{subsection.6.3.3}% 52
\BOOKMARK [3][-]{subsubsection.6.3.3.14}{\376\377\0006\000.\0003\000.\0003\000.\0001\0004\000\040\000r\000e\000a\000d\000D\000e\000c\000r\000y\000p\000t\000e\000d\000\050\000\051\000\040\000[\0002\000/\0002\000]}{subsection.6.3.3}% 53
\BOOKMARK [3][-]{subsubsection.6.3.3.15}{\376\377\0006\000.\0003\000.\0003\000.\0001\0005\000\040\000r\000e\000a\000d\000E\000n\000c\000r\000y\000p\000t\000e\000d\000\050\000\051\000\040\000[\0001\000/\0002\000]}{subsection.6.3.3}% 54
\BOOKMARK [3][-]{subsubsection.6.3.3.16}{\376\377\0006\000.\0003\000.\0003\000.\0001\0006\000\040\000r\000e\000a\000d\000E\000n\000c\000r\000y\000p\000t\000e\000d\000\050\000\051\000\040\000[\0002\000/\0002\000]}{subsection.6.3.3}% 55
\BOOKMARK [3][-]{subsubsection.6.3.3.17}{\376\377\0006\000.\0003\000.\0003\000.\0001\0007\000\040\000v\000a\000l\000i\000d\000a\000t\000e\000C\000o\000l\000u\000m\000n\000s\000\050\000\051\000\040\000[\0001\000/\0002\000]}{subsection.6.3.3}% 56
\BOOKMARK [3][-]{subsubsection.6.3.3.18}{\376\377\0006\000.\0003\000.\0003\000.\0001\0008\000\040\000v\000a\000l\000i\000d\000a\000t\000e\000C\000o\000l\000u\000m\000n\000s\000\050\000\051\000\040\000[\0002\000/\0002\000]}{subsection.6.3.3}% 57
\BOOKMARK [2][-]{subsection.6.3.4}{\376\377\0006\000.\0003\000.\0004\000\040\004\024\004\060\004\075\004\075\004\113\004\065\000\040\004\072\004\073\004\060\004\101\004\101\004\060}{section.6.3}% 58
\BOOKMARK [3][-]{subsubsection.6.3.4.1}{\376\377\0006\000.\0003\000.\0004\000.\0001\000\040\000c\000o\000l\000u\000m\000n\000s}{subsection.6.3.4}% 59
\BOOKMARK [0][-]{chapter.7}{\376\377\0007\000\040\004\044\004\060\004\071\004\073\004\113}{}% 60
\BOOKMARK [1][-]{section.7.1}{\376\377\0007\000.\0001\000\040\004\044\004\060\004\071\004\073\000\040\000l\000a\000b\000-\0003\000/\000t\000a\000s\000k\0001\000/\000m\000o\000d\000A\000l\000p\000h\000a\000C\000i\000p\000h\000e\000r\000.\000c\000p\000p}{chapter.7}% 61
\BOOKMARK [2][-]{subsection.7.1.1}{\376\377\0007\000.\0001\000.\0001\000\040\004\037\004\076\004\064\004\100\004\076\004\061\004\075\004\076\004\065\000\040\004\076\004\077\004\070\004\101\004\060\004\075\004\070\004\065}{section.7.1}% 62
\BOOKMARK [1][-]{section.7.2}{\376\377\0007\000.\0002\000\040\004\044\004\060\004\071\004\073\000\040\000l\000a\000b\000-\0003\000/\000t\000a\000s\000k\0001\000/\000m\000o\000d\000A\000l\000p\000h\000a\000C\000i\000p\000h\000e\000r\000.\000h}{chapter.7}% 63
\BOOKMARK [2][-]{subsection.7.2.1}{\376\377\0007\000.\0002\000.\0001\000\040\004\037\004\065\004\100\004\065\004\074\004\065\004\075\004\075\004\113\004\065}{section.7.2}% 64
\BOOKMARK [3][-]{subsubsection.7.2.1.1}{\376\377\0007\000.\0002\000.\0001\000.\0001\000\040\004\101\004\074\004\076\004\102\004\100\004\070}{subsection.7.2.1}% 65
\BOOKMARK [3][-]{subsubsection.7.2.1.2}{\376\377\0007\000.\0002\000.\0001\000.\0002\000\040\000c\000o\000l\000u\000m\000n\000s}{subsection.7.2.1}% 66
\BOOKMARK [3][-]{subsubsection.7.2.1.3}{\376\377\0007\000.\0002\000.\0001\000.\0003\000\040\000c\000p\000p}{subsection.7.2.1}% 67
\BOOKMARK [3][-]{subsubsection.7.2.1.4}{\376\377\0007\000.\0002\000.\0001\000.\0004\000\040\000h}{subsection.7.2.1}% 68
\BOOKMARK [3][-]{subsubsection.7.2.1.5}{\376\377\0007\000.\0002\000.\0001\000.\0005\000\040\000t\000a\000s\000k\0001}{subsection.7.2.1}% 69
\BOOKMARK [1][-]{section.7.3}{\376\377\0007\000.\0003\000\040\000m\000o\000d\000A\000l\000p\000h\000a\000C\000i\000p\000h\000e\000r\000.\000h}{chapter.7}% 70
\BOOKMARK [1][-]{section.7.4}{\376\377\0007\000.\0004\000\040\004\044\004\060\004\071\004\073\000\040\000l\000a\000b\000-\0003\000/\000t\000a\000s\000k\0002\000/\000r\000o\000u\000t\000e\000C\000i\000p\000h\000e\000r\000.\000c\000p\000p}{chapter.7}% 71
\BOOKMARK [2][-]{subsection.7.4.1}{\376\377\0007\000.\0004\000.\0001\000\040\004\037\004\076\004\064\004\100\004\076\004\061\004\075\004\076\004\065\000\040\004\076\004\077\004\070\004\101\004\060\004\075\004\070\004\065}{section.7.4}% 72
\BOOKMARK [1][-]{section.7.5}{\376\377\0007\000.\0005\000\040\004\044\004\060\004\071\004\073\000\040\000l\000a\000b\000-\0003\000/\000t\000a\000s\000k\0002\000/\000r\000o\000u\000t\000e\000C\000i\000p\000h\000e\000r\000.\000h}{chapter.7}% 73
\BOOKMARK [2][-]{subsection.7.5.1}{\376\377\0007\000.\0005\000.\0001\000\040\004\037\004\076\004\064\004\100\004\076\004\061\004\075\004\076\004\065\000\040\004\076\004\077\004\070\004\101\004\060\004\075\004\070\004\065}{section.7.5}% 74
\BOOKMARK [1][-]{section.7.6}{\376\377\0007\000.\0006\000\040\000r\000o\000u\000t\000e\000C\000i\000p\000h\000e\000r\000.\000h}{chapter.7}% 75
\BOOKMARK [1][-]{section.7.7}{\376\377\0007\000.\0007\000\040\004\044\004\060\004\071\004\073\000\040\000l\000a\000b\000-\0003\000/\000t\000a\000s\000k\0001\000/\000t\000e\000s\000t\000.\000c\000p\000p}{chapter.7}% 76
\BOOKMARK [2][-]{subsection.7.7.1}{\376\377\0007\000.\0007\000.\0001\000\040\004\044\004\103\004\075\004\072\004\106\004\070\004\070}{section.7.7}% 77
\BOOKMARK [3][-]{subsubsection.7.7.1.1}{\376\377\0007\000.\0007\000.\0001\000.\0001\000\040\000a\000s\000s\000e\000r\000t\000\137\000e\000x\000c\000e\000p\000t\000i\000o\000n\000\050\000\051}{subsection.7.7.1}% 78
\BOOKMARK [3][-]{subsubsection.7.7.1.2}{\376\377\0007\000.\0007\000.\0001\000.\0002\000\040\000a\000s\000s\000e\000r\000t\000\137\000t\000r\000u\000e\000\050\000\051}{subsection.7.7.1}% 79
\BOOKMARK [3][-]{subsubsection.7.7.1.3}{\376\377\0007\000.\0007\000.\0001\000.\0003\000\040\000m\000a\000i\000n\000\050\000\051}{subsection.7.7.1}% 80
\BOOKMARK [3][-]{subsubsection.7.7.1.4}{\376\377\0007\000.\0007\000.\0001\000.\0004\000\040\000p\000r\000i\000n\000t\000\137\000s\000e\000c\000t\000i\000o\000n\000\050\000\051}{subsection.7.7.1}% 81
\BOOKMARK [3][-]{subsubsection.7.7.1.5}{\376\377\0007\000.\0007\000.\0001\000.\0005\000\040\000t\000e\000s\000t\000\137\000c\000o\000n\000s\000t\000r\000u\000c\000t\000o\000r\000\050\000\051}{subsection.7.7.1}% 82
\BOOKMARK [3][-]{subsubsection.7.7.1.6}{\376\377\0007\000.\0007\000.\0001\000.\0006\000\040\000t\000e\000s\000t\000\137\000d\000e\000c\000r\000y\000p\000t\000\050\000\051}{subsection.7.7.1}% 83
\BOOKMARK [3][-]{subsubsection.7.7.1.7}{\376\377\0007\000.\0007\000.\0001\000.\0007\000\040\000t\000e\000s\000t\000\137\000e\000d\000g\000e\000\137\000c\000a\000s\000e\000s\000\050\000\051}{subsection.7.7.1}% 84
\BOOKMARK [3][-]{subsubsection.7.7.1.8}{\376\377\0007\000.\0007\000.\0001\000.\0008\000\040\000t\000e\000s\000t\000\137\000e\000n\000c\000r\000y\000p\000t\000\050\000\051}{subsection.7.7.1}% 85
\BOOKMARK [3][-]{subsubsection.7.7.1.9}{\376\377\0007\000.\0007\000.\0001\000.\0009\000\040\000t\000e\000s\000t\000\137\000i\000n\000t\000e\000g\000r\000a\000t\000i\000o\000n\000\050\000\051}{subsection.7.7.1}% 86
\BOOKMARK [2][-]{subsection.7.7.2}{\376\377\0007\000.\0007\000.\0002\000\040\004\037\004\065\004\100\004\065\004\074\004\065\004\075\004\075\004\113\004\065}{section.7.7}% 87
\BOOKMARK [3][-]{subsubsection.7.7.2.1}{\376\377\0007\000.\0007\000.\0002\000.\0001\000\040\000p\000a\000s\000s\000e\000d\000\137\000t\000e\000s\000t\000s}{subsection.7.7.2}% 88
\BOOKMARK [3][-]{subsubsection.7.7.2.2}{\376\377\0007\000.\0007\000.\0002\000.\0002\000\040\000t\000e\000s\000t\000\137\000p\000a\000s\000s\000e\000d}{subsection.7.7.2}% 89
\BOOKMARK [3][-]{subsubsection.7.7.2.3}{\376\377\0007\000.\0007\000.\0002\000.\0003\000\040\000t\000o\000t\000a\000l\000\137\000t\000e\000s\000t\000s}{subsection.7.7.2}% 90
\BOOKMARK [1][-]{section.7.8}{\376\377\0007\000.\0008\000\040\004\044\004\060\004\071\004\073\000\040\000l\000a\000b\000-\0003\000/\000t\000a\000s\000k\0002\000/\000t\000e\000s\000t\000.\000c\000p\000p}{chapter.7}% 91
\BOOKMARK [2][-]{subsection.7.8.1}{\376\377\0007\000.\0008\000.\0001\000\040\004\044\004\103\004\075\004\072\004\106\004\070\004\070}{section.7.8}% 92
\BOOKMARK [3][-]{subsubsection.7.8.1.1}{\376\377\0007\000.\0008\000.\0001\000.\0001\000\040\000a\000s\000s\000e\000r\000t\000\137\000e\000x\000c\000e\000p\000t\000i\000o\000n\000\050\000\051}{subsection.7.8.1}% 93
\BOOKMARK [3][-]{subsubsection.7.8.1.2}{\376\377\0007\000.\0008\000.\0001\000.\0002\000\040\000a\000s\000s\000e\000r\000t\000\137\000t\000r\000u\000e\000\050\000\051}{subsection.7.8.1}% 94
\BOOKMARK [3][-]{subsubsection.7.8.1.3}{\376\377\0007\000.\0008\000.\0001\000.\0003\000\040\000m\000a\000i\000n\000\050\000\051}{subsection.7.8.1}% 95
\BOOKMARK [3][-]{subsubsection.7.8.1.4}{\376\377\0007\000.\0008\000.\0001\000.\0004\000\040\000p\000r\000i\000n\000t\000\137\000s\000e\000c\000t\000i\000o\000n\000\050\000\051}{subsection.7.8.1}% 96
\BOOKMARK [3][-]{subsubsection.7.8.1.5}{\376\377\0007\000.\0008\000.\0001\000.\0005\000\040\000t\000e\000s\000t\000\137\000c\000o\000n\000s\000t\000r\000u\000c\000t\000o\000r\000\050\000\051}{subsection.7.8.1}% 97
\BOOKMARK [3][-]{subsubsection.7.8.1.6}{\376\377\0007\000.\0008\000.\0001\000.\0006\000\040\000t\000e\000s\000t\000\137\000d\000e\000c\000r\000y\000p\000t\000\050\000\051}{subsection.7.8.1}% 98
\BOOKMARK [3][-]{subsubsection.7.8.1.7}{\376\377\0007\000.\0008\000.\0001\000.\0007\000\040\000t\000e\000s\000t\000\137\000e\000d\000g\000e\000\137\000c\000a\000s\000e\000s\000\050\000\051}{subsection.7.8.1}% 99
\BOOKMARK [3][-]{subsubsection.7.8.1.8}{\376\377\0007\000.\0008\000.\0001\000.\0008\000\040\000t\000e\000s\000t\000\137\000e\000n\000c\000r\000y\000p\000t\000\050\000\051}{subsection.7.8.1}% 100
\BOOKMARK [3][-]{subsubsection.7.8.1.9}{\376\377\0007\000.\0008\000.\0001\000.\0009\000\040\000t\000e\000s\000t\000\137\000i\000n\000t\000e\000g\000r\000a\000t\000i\000o\000n\000\050\000\051}{subsection.7.8.1}% 101
\BOOKMARK [2][-]{subsection.7.8.2}{\376\377\0007\000.\0008\000.\0002\000\040\004\037\004\065\004\100\004\065\004\074\004\065\004\075\004\075\004\113\004\065}{section.7.8}% 102
\BOOKMARK [3][-]{subsubsection.7.8.2.1}{\376\377\0007\000.\0008\000.\0002\000.\0001\000\040\000p\000a\000s\000s\000e\000d\000\137\000t\000e\000s\000t\000s}{subsection.7.8.2}% 103
\BOOKMARK [3][-]{subsubsection.7.8.2.2}{\376\377\0007\000.\0008\000.\0002\000.\0002\000\040\000t\000o\000t\000a\000l\000\137\000t\000e\000s\000t\000s}{subsection.7.8.2}% 104
\BOOKMARK [1][-]{section.7.9}{\376\377\0007\000.\0009\000\040\004\044\004\060\004\071\004\073\000\040\000l\000a\000b\000-\0003\000/\000R\000E\000A\000D\000M\000E\000.\000m\000d}{chapter.7}% 105
\BOOKMARK [1][-]{section.7.10}{\376\377\0007\000.\0001\0000\000\040\004\044\004\060\004\071\004\073\000\040\000R\000E\000A\000D\000M\000E\000.\000m\000d}{chapter.7}% 106
\BOOKMARK [0][-]{section*.25}{\376\377\004\037\004\100\004\065\004\064\004\074\004\065\004\102\004\075\004\113\004\071\000\040\004\103\004\072\004\060\004\067\004\060\004\102\004\065\004\073\004\114}{}% 107
